*** Transformation "Default" of "VMCS_CashWithCard" started at Apr 12 23:29:25

Transformation Module States:
-----------------------------

Initialize Module "Action List Generator" [standard transformation]
	Status : OK
Initialize Module "Action List Runner" [PVSCL Transformation Module]
	Status : OK
Initialize Module "Action List Runner" [actionlist]
	Status : OK
Run Module "Action List Generator" [standard transformation]
	Status : OK
Run Module "Action List Runner" [PVSCL Transformation Module]
	Status : OK
Run Module "Action List Runner" [actionlist]
	Status : OK
Cleanup Module "Action List Generator" [standard transformation]
	Status : OK
Cleanup Module "Action List Runner" [PVSCL Transformation Module]
	Status : OK
Cleanup Module "Action List Runner" [actionlist]
	Status : OK

*** Transformation "Default" of "VMCS_CashWithCard" finished at Apr 12 23:29:26

Transformation Module Logs:
---------------------------

