*** Transformation "Default" of "VMCS_CardOnly" started at Apr 12 23:31:10

Transformation Module States:
-----------------------------

Initialize Module "Action List Generator" [standard transformation]
	Status : OK
Initialize Module "Action List Runner" [PVSCL Transformation Module]
	Status : OK
Initialize Module "Action List Runner" [actionlist]
	Status : OK
Initialize Module "Enterprise Architect Module" [Enterprise Architect Module]
	Status : OK
Run Module "Action List Generator" [standard transformation]
	Status : OK
Run Module "Action List Runner" [PVSCL Transformation Module]
	Status : OK
Run Module "Action List Runner" [actionlist]
	Status : OK
Run Module "Enterprise Architect Module" [Enterprise Architect Module]
	Status : OK
Cleanup Module "Action List Generator" [standard transformation]
	Status : OK
Cleanup Module "Action List Runner" [PVSCL Transformation Module]
	Status : OK
Cleanup Module "Action List Runner" [actionlist]
	Status : OK
Cleanup Module "Enterprise Architect Module" [Enterprise Architect Module]
	Status : OK

*** Transformation "Default" of "VMCS_CardOnly" finished at Apr 12 23:36:13

Transformation Module Logs:
---------------------------

*** Module "Enterprise Architect Module" [Enterprise Architect Module] ***

Apr 12, 2020 11:31:13 PM starting pure::variants transformation log (Version 4.0.21.685)
Input=
C:\CA\SG5017\input\VMCS.eap
Output= C:\CA\SG5017\output\VMCS_CardOnly\VMCS.eap
VRM= C:\Users\xuya\AppData\Local\Temp\TransformTmp4971\VMCS_CardOnly.vrm
keepconstraints=False
Connected with Enterprise Architect (build 1431)
Opened EA project
finished
Removing p::v model information from EA project


