*** Transformation "Default" of "VMCSVariant" started at Apr 11 23:57:46

Transformation Module States:
-----------------------------

Initialize Module "Action List Generator" [standard transformation]
	Status : OK
Initialize Module "Action List Runner" [PVSCL Transformation Module]
	Status : OK
Initialize Module "Action List Runner" [actionlist]
	Status : OK
Run Module "Action List Generator" [standard transformation]
	Status : OK
Run Module "Action List Runner" [PVSCL Transformation Module]
	Status : OK
Run Module "Action List Runner" [actionlist]
	Status : OK
Cleanup Module "Action List Generator" [standard transformation]
	Status : OK
Cleanup Module "Action List Runner" [PVSCL Transformation Module]
	Status : OK
Cleanup Module "Action List Runner" [actionlist]
	Status : OK

*** Transformation "Default" of "VMCSVariant" finished at Apr 11 23:57:46

Transformation Module Logs:
---------------------------

